Using pre-set license

 COMMAND LINE ARGUMENTS:
/Applications/Unity/Hub/Editor/2020.2.5f1/Unity.app/Contents/MacOS/Unity
-adb2
-batchMode
-noUpm
-name
AssetImportWorker0
-projectPath
/Users/juniebear27/Downloads/VirtuCard/VirtuCardHost
-logFile
Logs/AssetImportWorker0.log
-srvPort
57296
Successfully changed project path to: /Users/juniebear27/Downloads/VirtuCard/VirtuCardHost
/Users/juniebear27/Downloads/VirtuCard/VirtuCardHost
Using Asset Import Pipeline V2.
Refreshing native plugins compatible for Editor in 66.50 ms, found 8 plugins.
Preloading 0 native plugins for Editor in 0.00 ms.
Initialize engine version: 2020.2.5f1 (e2c53f129de5)
[Subsystems] Discovering subsystems at path /Applications/Unity/Hub/Editor/2020.2.5f1/Unity.app/Contents/Resources/UnitySubsystems
[Subsystems] Discovering subsystems at path /Users/juniebear27/Downloads/VirtuCard/VirtuCardHost/Assets
GfxDevice: creating device client; threaded=0
2021-03-02 00:50:52.489 Unity[73523:2577486] Color LCD preferred device: Intel(R) Iris(TM) Plus Graphics 655 (low power)
2021-03-02 00:50:52.489 Unity[73523:2577486] Metal devices available: 1
2021-03-02 00:50:52.489 Unity[73523:2577486] 0: Intel(R) Iris(TM) Plus Graphics 655 (low power)
2021-03-02 00:50:52.491 Unity[73523:2577486] Using device Intel(R) Iris(TM) Plus Graphics 655 (low power)
Initializing Metal device caps: Intel(R) Iris(TM) Plus Graphics 655
Initialize mono
Mono path[0] = '/Applications/Unity/Hub/Editor/2020.2.5f1/Unity.app/Contents/Managed'
Mono path[1] = '/Applications/Unity/Hub/Editor/2020.2.5f1/Unity.app/Contents/MonoBleedingEdge/lib/mono/unityjit'
Mono config path = '/Applications/Unity/Hub/Editor/2020.2.5f1/Unity.app/Contents/MonoBleedingEdge/etc'
Using monoOptions --debugger-agent=transport=dt_socket,embedding=1,server=y,suspend=n,address=127.0.0.1:56523
Begin MonoManager ReloadAssembly
Registering precompiled unity dll's ...
Register platform support module: /Applications/Unity/Hub/Editor/2020.2.5f1/PlaybackEngines/WebGLSupport/UnityEditor.WebGL.Extensions.dll
Register platform support module: /Applications/Unity/Hub/Editor/2020.2.5f1/Unity.app/Contents/PlaybackEngines/MacStandaloneSupport/UnityEditor.OSXStandalone.Extensions.dll
Register platform support module: /Applications/Unity/Hub/Editor/2020.2.5f1/PlaybackEngines/WindowsStandaloneSupport/UnityEditor.WindowsStandalone.Extensions.dll
Registered in 0.004555 seconds.
Native extension for WindowsStandalone target not found
Native extension for OSXStandalone target not found
Native extension for WebGL target not found
Refreshing native plugins compatible for Editor in 42.50 ms, found 8 plugins.
Preloading 0 native plugins for Editor in 0.00 ms.
Invoked RoslynAnalysisRunner static constructor.
RoslynAnalysisRunner will not be running.
RoslynAnalysisRunner has terminated.
Mono: successfully reloaded assembly
- Completed reload, in  2.006 seconds
Platform modules already initialized, skipping
Registering precompiled user dll's ...
Registered in 0.018559 seconds.
Begin MonoManager ReloadAssembly
Native extension for WindowsStandalone target not found
Native extension for OSXStandalone target not found
Native extension for WebGL target not found
Refreshing native plugins compatible for Editor in 45.18 ms, found 8 plugins.
Preloading 0 native plugins for Editor in 0.00 ms.
Invoked RoslynAnalysisRunner static constructor.
RoslynAnalysisRunner will not be running.
RoslynAnalysisRunner has terminated.
Mono: successfully reloaded assembly
- Completed reload, in  1.302 seconds
Platform modules already initialized, skipping
========================================================================
Worker process is ready to serve import requests
Launching external process: /Applications/Unity/Hub/Editor/2020.2.5f1/Unity.app/Contents/Tools/UnityShaderCompiler
Launched and connected shader compiler UnityShaderCompiler after 0.01 seconds
Refreshing native plugins compatible for Editor in 0.80 ms, found 8 plugins.
Preloading 0 native plugins for Editor in 0.00 ms.
Unloading 1968 Unused Serialized files (Serialized files now loaded: 0)
System memory in use before: 156.6 MB.
System memory in use after: 156.6 MB.

Unloading 76 unused Assets to reduce memory usage. Loaded Objects now: 2370.
Total: 2.537827 ms (FindLiveObjects: 0.211348 ms CreateObjectMapping: 0.069965 ms MarkObjects: 2.094564 ms  DeleteObjects: 0.160533 ms)

========================================================================
Received Import Request.
  path: Assets/Icons
  artifactKey: Guid(f856854e8db1d8949aceaf076ab4e225) Importer(815301076,1909f56bfc062723c751e8b465ee728b)
Start importing Assets/Icons using Guid(f856854e8db1d8949aceaf076ab4e225) Importer(815301076,1909f56bfc062723c751e8b465ee728b)  -> (artifact id: '4ebb4143fd3ee6e524e6f92e29eafc6e') in 0.008810 seconds
  Import took 0.013081 seconds .

========================================================================
Received Import Request.
  Time since last request: 0.000224 seconds.
  path: Assets/Lean
  artifactKey: Guid(9a3f6ccf492063b4a8ee4b4b65a1a825) Importer(815301076,1909f56bfc062723c751e8b465ee728b)
Start importing Assets/Lean using Guid(9a3f6ccf492063b4a8ee4b4b65a1a825) Importer(815301076,1909f56bfc062723c751e8b465ee728b)  -> (artifact id: '5fbc311d8112e364c802e70541e512e9') in 0.003219 seconds
  Import took 0.006683 seconds .

========================================================================
Received Import Request.
  Time since last request: 0.000199 seconds.
  path: Assets/Scripts/FirebaseScripts
  artifactKey: Guid(2ab637e52affba44d8dada4bf54e4305) Importer(815301076,1909f56bfc062723c751e8b465ee728b)
Start importing Assets/Scripts/FirebaseScripts using Guid(2ab637e52affba44d8dada4bf54e4305) Importer(815301076,1909f56bfc062723c751e8b465ee728b)  -> (artifact id: '30161b5c67824fa2425834e8310cfa5d') in 0.001274 seconds
  Import took 0.004699 seconds .

========================================================================
Received Import Request.
  Time since last request: 0.000175 seconds.
  path: Assets/Parse
  artifactKey: Guid(e72a0ff08b3e8214284a4523d5c0179f) Importer(815301076,1909f56bfc062723c751e8b465ee728b)
Start importing Assets/Parse using Guid(e72a0ff08b3e8214284a4523d5c0179f) Importer(815301076,1909f56bfc062723c751e8b465ee728b)  -> (artifact id: 'ed0f37ccad97bbec7e4b7781ff3e8326') in 0.001765 seconds
  Import took 0.006006 seconds .

========================================================================
Received Import Request.
  Time since last request: 0.000212 seconds.
  path: Assets/Plugins
  artifactKey: Guid(ad20e270505aed74f9a20c4b694c512a) Importer(815301076,1909f56bfc062723c751e8b465ee728b)
Start importing Assets/Plugins using Guid(ad20e270505aed74f9a20c4b694c512a) Importer(815301076,1909f56bfc062723c751e8b465ee728b)  -> (artifact id: '95a7d2caded61c5f2d06e98a746c2cdf') in 0.001630 seconds
  Import took 0.005919 seconds .

========================================================================
Received Import Request.
  Time since last request: 0.248150 seconds.
  path: Assets/Scripts/FirebaseScripts/AuthUser.cs
  artifactKey: Guid(78214873c3524ba6abc32e124474e870) Importer(815301076,1909f56bfc062723c751e8b465ee728b)
Start importing Assets/Scripts/FirebaseScripts/AuthUser.cs using Guid(78214873c3524ba6abc32e124474e870) Importer(815301076,1909f56bfc062723c751e8b465ee728b)  -> (artifact id: 'b76ee5ff77d86cdfed7a32cb1c7ddd95') in 0.448231 seconds
  Import took 0.452593 seconds .

========================================================================
Received Import Request.
  Time since last request: 33.574196 seconds.
  path: Assets/Scripts/FirebaseScripts/AuthUser.cs
  artifactKey: Guid(78214873c3524ba6abc32e124474e870) Importer(815301076,1909f56bfc062723c751e8b465ee728b)
Start importing Assets/Scripts/FirebaseScripts/AuthUser.cs using Guid(78214873c3524ba6abc32e124474e870) Importer(815301076,1909f56bfc062723c751e8b465ee728b)  -> (artifact id: 'b7871888752dd5bb1726cc84d38088e7') in 0.018115 seconds
  Import took 0.022213 seconds .

========================================================================
Received Import Request.
  Time since last request: 92.033102 seconds.
  path: Assets/Scripts/FirebaseScripts/AuthUser.cs
  artifactKey: Guid(78214873c3524ba6abc32e124474e870) Importer(815301076,1909f56bfc062723c751e8b465ee728b)
Start importing Assets/Scripts/FirebaseScripts/AuthUser.cs using Guid(78214873c3524ba6abc32e124474e870) Importer(815301076,1909f56bfc062723c751e8b465ee728b)  -> (artifact id: '6c2de1be6ea9aa374b3a2dc6097a3706') in 0.004670 seconds
  Import took 0.048604 seconds .

========================================================================
Received Import Request.
  Time since last request: 0.000626 seconds.
  path: Assets/Scripts/FirebaseScripts/AuthUser.cs
  artifactKey: Guid(78214873c3524ba6abc32e124474e870) Importer(815301076,1909f56bfc062723c751e8b465ee728b)
Start importing Assets/Scripts/FirebaseScripts/AuthUser.cs using Guid(78214873c3524ba6abc32e124474e870) Importer(815301076,1909f56bfc062723c751e8b465ee728b)  -> (artifact id: '6c2de1be6ea9aa374b3a2dc6097a3706') in 0.001614 seconds
  Import took 0.004823 seconds .

========================================================================
Received Import Request.
  Time since last request: 305.629476 seconds.
  path: Assets/Scripts/FirebaseScripts/AuthUser.cs
  artifactKey: Guid(78214873c3524ba6abc32e124474e870) Importer(815301076,1909f56bfc062723c751e8b465ee728b)
Start importing Assets/Scripts/FirebaseScripts/AuthUser.cs using Guid(78214873c3524ba6abc32e124474e870) Importer(815301076,1909f56bfc062723c751e8b465ee728b)  -> (artifact id: 'd2db4bd937312d362bc5ff819b208e29') in 0.010474 seconds
  Import took 0.031145 seconds .

========================================================================
Received Import Request.
  Time since last request: 252.798995 seconds.
  path: Assets/Scripts/FirebaseScripts/AuthUser.cs
  artifactKey: Guid(78214873c3524ba6abc32e124474e870) Importer(815301076,1909f56bfc062723c751e8b465ee728b)
Start importing Assets/Scripts/FirebaseScripts/AuthUser.cs using Guid(78214873c3524ba6abc32e124474e870) Importer(815301076,1909f56bfc062723c751e8b465ee728b)  -> (artifact id: '6164778b1d1d0c8f9987b1bd336eb563') in 0.010956 seconds
  Import took 0.032220 seconds .

========================================================================
Received Import Request.
  Time since last request: 100.400188 seconds.
  path: Assets/Scripts/FirebaseScripts/AuthUser.cs
  artifactKey: Guid(78214873c3524ba6abc32e124474e870) Importer(815301076,1909f56bfc062723c751e8b465ee728b)
Start importing Assets/Scripts/FirebaseScripts/AuthUser.cs using Guid(78214873c3524ba6abc32e124474e870) Importer(815301076,1909f56bfc062723c751e8b465ee728b)  -> (artifact id: '18dd64d9f137eb95f80a1a907cbea40a') in 0.007964 seconds
  Import took 0.017396 seconds .

========================================================================
Received Import Request.
  Time since last request: 0.002318 seconds.
  path: Assets/Scripts/FirebaseScripts/AuthUser.cs
  artifactKey: Guid(78214873c3524ba6abc32e124474e870) Importer(815301076,1909f56bfc062723c751e8b465ee728b)
Start importing Assets/Scripts/FirebaseScripts/AuthUser.cs using Guid(78214873c3524ba6abc32e124474e870) Importer(815301076,1909f56bfc062723c751e8b465ee728b)  -> (artifact id: '18dd64d9f137eb95f80a1a907cbea40a') in 0.002497 seconds
  Import took 0.009758 seconds .

========================================================================
Received Import Request.
  Time since last request: 9.343075 seconds.
  path: Assets/Scripts/FirebaseScripts/AuthUser.cs
  artifactKey: Guid(78214873c3524ba6abc32e124474e870) Importer(815301076,1909f56bfc062723c751e8b465ee728b)
Start importing Assets/Scripts/FirebaseScripts/AuthUser.cs using Guid(78214873c3524ba6abc32e124474e870) Importer(815301076,1909f56bfc062723c751e8b465ee728b)  -> (artifact id: 'c09e685435ba5a5fad16fccb114e867e') in 0.002991 seconds
  Import took 0.008250 seconds .

========================================================================
Received Import Request.
  Time since last request: 0.004456 seconds.
  path: Assets/Scripts/FirebaseScripts/AuthUser.cs
  artifactKey: Guid(78214873c3524ba6abc32e124474e870) Importer(815301076,1909f56bfc062723c751e8b465ee728b)
Start importing Assets/Scripts/FirebaseScripts/AuthUser.cs using Guid(78214873c3524ba6abc32e124474e870) Importer(815301076,1909f56bfc062723c751e8b465ee728b)  -> (artifact id: 'c09e685435ba5a5fad16fccb114e867e') in 0.001504 seconds
  Import took 0.005088 seconds .

========================================================================
Received Prepare
Registering precompiled user dll's ...
Registered in 0.012273 seconds.
Begin MonoManager ReloadAssembly
Native extension for WindowsStandalone target not found
Native extension for OSXStandalone target not found
Native extension for WebGL target not found
Refreshing native plugins compatible for Editor in 0.89 ms, found 8 plugins.
Preloading 0 native plugins for Editor in 0.00 ms.
Invoked RoslynAnalysisRunner static constructor.
RoslynAnalysisRunner will not be running.
RoslynAnalysisRunner has terminated.
Mono: successfully reloaded assembly
- Completed reload, in  1.351 seconds
Platform modules already initialized, skipping
Refreshing native plugins compatible for Editor in 0.88 ms, found 8 plugins.
Preloading 0 native plugins for Editor in 0.00 ms.
Unloading 1963 Unused Serialized files (Serialized files now loaded: 0)
System memory in use before: 161.1 MB.
System memory in use after: 161.1 MB.

Unloading 64 unused Assets to reduce memory usage. Loaded Objects now: 2373.
Total: 4.070938 ms (FindLiveObjects: 0.603056 ms CreateObjectMapping: 0.184468 ms MarkObjects: 3.033241 ms  DeleteObjects: 0.247272 ms)

========================================================================
Received Import Request.
  Time since last request: 62.639534 seconds.
  path: Assets/Scripts/FirebaseScripts/AuthUser.cs
  artifactKey: Guid(78214873c3524ba6abc32e124474e870) Importer(815301076,1909f56bfc062723c751e8b465ee728b)
Start importing Assets/Scripts/FirebaseScripts/AuthUser.cs using Guid(78214873c3524ba6abc32e124474e870) Importer(815301076,1909f56bfc062723c751e8b465ee728b)  -> (artifact id: 'c458dbcbb8201915a9d6070cddb1bbbc') in 0.015954 seconds
  Import took 0.020497 seconds .

