Using pre-set license
Built from '2020.2/staging' branch; Version is '2020.2.5f1 (e2c53f129de5) revision 14861631'; Using compiler version '192528614'; Build Type 'Release'
OS: 'Windows 10 Home; OS build 18363.1379; Version 1909; 64bit' Language: 'en' Physical Memory: 16199 MB
BatchMode: 1, IsHumanControllingUs: 0, StartBugReporterOnCrash: 0, Is64bit: 1, IsPro: 0

 COMMAND LINE ARGUMENTS:
C:\Program Files\Unity\Hub\Editor\2020.2.5f1\Editor\Unity.exe
-adb2
-batchMode
-noUpm
-name
AssetImportWorker0
-projectPath
C:/Users/umang/Documents/GitHub/VirtuCard/VirtuCardHost
-logFile
Logs/AssetImportWorker0.log
-srvPort
55296
Successfully changed project path to: C:/Users/umang/Documents/GitHub/VirtuCard/VirtuCardHost
C:/Users/umang/Documents/GitHub/VirtuCard/VirtuCardHost
Using Asset Import Pipeline V2.
Refreshing native plugins compatible for Editor in 281.20 ms, found 7 plugins.
Preloading 0 native plugins for Editor in 0.00 ms.
Initialize engine version: 2020.2.5f1 (e2c53f129de5)
[Subsystems] Discovering subsystems at path C:/Program Files/Unity/Hub/Editor/2020.2.5f1/Editor/Data/Resources/UnitySubsystems
[Subsystems] Discovering subsystems at path C:/Users/umang/Documents/GitHub/VirtuCard/VirtuCardHost/Assets
GfxDevice: creating device client; threaded=0
Direct3D:
    Version:  Direct3D 11.0 [level 11.1]
    Renderer: NVIDIA GeForce GTX 1050 (ID=0x1c8d)
    Vendor:   
    VRAM:     4021 MB
    Driver:   27.21.14.5751
Initialize mono
Mono path[0] = 'C:/Program Files/Unity/Hub/Editor/2020.2.5f1/Editor/Data/Managed'
Mono path[1] = 'C:/Program Files/Unity/Hub/Editor/2020.2.5f1/Editor/Data/MonoBleedingEdge/lib/mono/unityjit'
Mono config path = 'C:/Program Files/Unity/Hub/Editor/2020.2.5f1/Editor/Data/MonoBleedingEdge/etc'
Using monoOptions --debugger-agent=transport=dt_socket,embedding=1,server=y,suspend=n,address=127.0.0.1:56460
Begin MonoManager ReloadAssembly
Registering precompiled unity dll's ...
Register platform support module: C:/Program Files/Unity/Hub/Editor/2020.2.5f1/Editor/Data/PlaybackEngines/WebGLSupport/UnityEditor.WebGL.Extensions.dll
Register platform support module: C:/Program Files/Unity/Hub/Editor/2020.2.5f1/Editor/Data/PlaybackEngines/WindowsStandaloneSupport/UnityEditor.WindowsStandalone.Extensions.dll
Registered in 0.005805 seconds.
Native extension for WindowsStandalone target not found
Native extension for WebGL target not found
Refreshing native plugins compatible for Editor in 89.18 ms, found 7 plugins.
Preloading 0 native plugins for Editor in 0.00 ms.
Invoked RoslynAnalysisRunner static constructor.
RoslynAnalysisRunner will not be running.
RoslynAnalysisRunner has terminated.
Mono: successfully reloaded assembly
- Completed reload, in  7.212 seconds
Platform modules already initialized, skipping
Registering precompiled user dll's ...
Registered in 0.065879 seconds.
Begin MonoManager ReloadAssembly
Native extension for WindowsStandalone target not found
Native extension for WebGL target not found
Refreshing native plugins compatible for Editor in 50.73 ms, found 7 plugins.
Preloading 0 native plugins for Editor in 0.00 ms.
Invoked RoslynAnalysisRunner static constructor.
RoslynAnalysisRunner will not be running.
RoslynAnalysisRunner has terminated.
Mono: successfully reloaded assembly
- Completed reload, in  2.158 seconds
Platform modules already initialized, skipping
========================================================================
Worker process is ready to serve import requests
Launched and connected shader compiler UnityShaderCompiler.exe after 0.09 seconds
Refreshing native plugins compatible for Editor in 1.16 ms, found 7 plugins.
Preloading 0 native plugins for Editor in 0.00 ms.
Unloading 1975 Unused Serialized files (Serialized files now loaded: 0)
System memory in use before: 90.8 MB.
System memory in use after: 90.9 MB.

Unloading 76 unused Assets to reduce memory usage. Loaded Objects now: 2377.
Total: 3.312600 ms (FindLiveObjects: 0.257600 ms CreateObjectMapping: 0.155900 ms MarkObjects: 2.738200 ms  DeleteObjects: 0.159400 ms)

========================================================================
Received Import Request.
  path: Assets/Tests
  artifactKey: Guid(96647a67dc6da9448b2f4d9badc0f09c) Importer(815301076,1909f56bfc062723c751e8b465ee728b)
Start importing Assets/Tests using Guid(96647a67dc6da9448b2f4d9badc0f09c) Importer(815301076,1909f56bfc062723c751e8b465ee728b)  -> (artifact id: 'b48137e1ba9e5cbf9066e439b3ed1020') in 0.016248 seconds
  Import took 0.021286 seconds .

========================================================================
Received Import Request.
  Time since last request: 0.000406 seconds.
  path: Assets/NetworkControllerAssembly.asmdef
  artifactKey: Guid(305d75c0c83afd24b9380bbef117894f) Importer(815301076,1909f56bfc062723c751e8b465ee728b)
Start importing Assets/NetworkControllerAssembly.asmdef using Guid(305d75c0c83afd24b9380bbef117894f) Importer(815301076,1909f56bfc062723c751e8b465ee728b)  -> (artifact id: '38e1d262e0023ede26002c2d8a32939f') in 0.046803 seconds
  Import took 0.052334 seconds .

========================================================================
Received Import Request.
  Time since last request: 98.759150 seconds.
  path: Assets/NetworkController.cs
  artifactKey: Guid(38d5eda5e162e2343a14d279177215f5) Importer(815301076,1909f56bfc062723c751e8b465ee728b)
Start importing Assets/NetworkController.cs using Guid(38d5eda5e162e2343a14d279177215f5) Importer(815301076,1909f56bfc062723c751e8b465ee728b)  -> (artifact id: '1a21bc7766787065b72609cfdfb70024') in 0.131813 seconds
  Import took 0.170534 seconds .

========================================================================
Received Import Request.
  Time since last request: 0.503552 seconds.
  path: Assets/NetworkController.cs
  artifactKey: Guid(38d5eda5e162e2343a14d279177215f5) Importer(815301076,1909f56bfc062723c751e8b465ee728b)
Start importing Assets/NetworkController.cs using Guid(38d5eda5e162e2343a14d279177215f5) Importer(815301076,1909f56bfc062723c751e8b465ee728b)  -> (artifact id: '1a21bc7766787065b72609cfdfb70024') in 1.851691 seconds
  Import took 2.165819 seconds .

========================================================================
Received Prepare
Registering precompiled user dll's ...
Registered in 0.062886 seconds.
Begin MonoManager ReloadAssembly
Native extension for WindowsStandalone target not found
Native extension for WebGL target not found
Refreshing native plugins compatible for Editor in 1.65 ms, found 7 plugins.
Preloading 0 native plugins for Editor in 0.00 ms.
Invoked RoslynAnalysisRunner static constructor.
RoslynAnalysisRunner will not be running.
RoslynAnalysisRunner has terminated.
Mono: successfully reloaded assembly
- Completed reload, in  2.376 seconds
Platform modules already initialized, skipping
Refreshing native plugins compatible for Editor in 0.84 ms, found 7 plugins.
Preloading 0 native plugins for Editor in 0.00 ms.
Unloading 1965 Unused Serialized files (Serialized files now loaded: 0)
System memory in use before: 90.4 MB.
System memory in use after: 90.5 MB.

Unloading 64 unused Assets to reduce memory usage. Loaded Objects now: 2380.
Total: 2.551400 ms (FindLiveObjects: 0.264700 ms CreateObjectMapping: 0.116100 ms MarkObjects: 2.128100 ms  DeleteObjects: 0.041200 ms)

========================================================================
Received Import Request.
  Time since last request: 582.029926 seconds.
  path: Assets/Plugins/UtilityScripts
  artifactKey: Guid(5c9485e879b69bf48bbc3ea64a71dbb2) Importer(815301076,1909f56bfc062723c751e8b465ee728b)
Start importing Assets/Plugins/UtilityScripts using Guid(5c9485e879b69bf48bbc3ea64a71dbb2) Importer(815301076,1909f56bfc062723c751e8b465ee728b)  -> (artifact id: '07079e9d268e9783d2bcecd5857cde43') in 0.020765 seconds
  Import took 0.024457 seconds .

========================================================================
Received Import Request.
  Time since last request: 224.293228 seconds.
  path: Assets/Plugins/UtilityScripts/PhotonUnityNetworking.Utilities.asmdef
  artifactKey: Guid(a738238285a7a8246af046cbf977522f) Importer(815301076,1909f56bfc062723c751e8b465ee728b)
Start importing Assets/Plugins/UtilityScripts/PhotonUnityNetworking.Utilities.asmdef using Guid(a738238285a7a8246af046cbf977522f) Importer(815301076,1909f56bfc062723c751e8b465ee728b)  -> (artifact id: 'c78e7c215b0c97b92ddfd5025cf8affc') in 0.012410 seconds
  Import took 0.016252 seconds .

========================================================================
Received Import Request.
  Time since last request: 36.118832 seconds.
  path: Assets/Photon/PhotonUnityNetworking/Code
  artifactKey: Guid(9a312e4dbb5268d4e859200f68478e0c) Importer(815301076,1909f56bfc062723c751e8b465ee728b)
Start importing Assets/Photon/PhotonUnityNetworking/Code using Guid(9a312e4dbb5268d4e859200f68478e0c) Importer(815301076,1909f56bfc062723c751e8b465ee728b)  -> (artifact id: 'f214f51e8a2829725c15697bf7269ae8') in 0.014244 seconds
  Import took 0.017943 seconds .

========================================================================
Received Import Request.
  Time since last request: 0.000530 seconds.
  path: Assets/Photon/PhotonUnityNetworking/Code/PhotonUnityNetworking.asmdef
  artifactKey: Guid(57c32fc907df0f54e8e6e8f0d2488336) Importer(815301076,1909f56bfc062723c751e8b465ee728b)
Start importing Assets/Photon/PhotonUnityNetworking/Code/PhotonUnityNetworking.asmdef using Guid(57c32fc907df0f54e8e6e8f0d2488336) Importer(815301076,1909f56bfc062723c751e8b465ee728b)  -> (artifact id: '7adf315a51cd4e357d16ec03aa7c6399') in 0.013646 seconds
  Import took 0.016758 seconds .

AssetImportWorkerClient::OnTransportError - code=2 error=End of file
